# JRE version: OpenJDK Runtime Environment (11.0.10) (build 11.0.10+0-b96-7249189)
# Java VM: OpenJDK 64-Bit Server VM (11.0.10+0-b96-7249189, mixed mode, tiered, compressed oops, g1 gc, windows-amd64)
Heap:
 garbage-first heap   total 218112K, used 108189K [0x0000000080000000, 0x0000000100000000)
  region size 1024K, 5 young (5120K), 2 survivors (2048K)
 Metaspace       used 100896K, capacity 103604K, committed 104568K, reserved 1140736K
  class space    used 12949K, capacity 13946K, committed 14284K, reserved 1048576K
GC Heap History (20 events):
Event: 13.861 GC heap before
{Heap before GC invocations=49 (full 0):
 garbage-first heap   total 169984K, used 116171K [0x0000000080000000, 0x0000000100000000)
  region size 1024K, 46 young (47104K), 3 survivors (3072K)
 Metaspace       used 64643K, capacity 66388K, committed 66636K, reserved 1107968K
  class space    used 8214K, capacity 8795K, committed 8832K, reserved 1048576K
}
Event: 13.867 GC heap after
{Heap after GC invocations=50 (full 0):
 garbage-first heap   total 169984K, used 75894K [0x0000000080000000, 0x0000000100000000)
  region size 1024K, 6 young (6144K), 6 survivors (6144K)
 Metaspace       used 64643K, capacity 66388K, committed 66636K, reserved 1107968K
  class space    used 8214K, capacity 8795K, committed 8832K, reserved 1048576K
}
Event: 14.228 GC heap before
{Heap before GC invocations=50 (full 0):
 garbage-first heap   total 169984K, used 120950K [0x0000000080000000, 0x0000000100000000)
  region size 1024K, 50 young (51200K), 6 survivors (6144K)
 Metaspace       used 67170K, capacity 68954K, committed 69196K, reserved 1110016K
  class space    used 8607K, capacity 9224K, committed 9344K, reserved 1048576K
}
Event: 14.237 GC heap after
{Heap after GC invocations=51 (full 0):
 garbage-first heap   total 169984K, used 79738K [0x0000000080000000, 0x0000000100000000)
  region size 1024K, 5 young (5120K), 5 survivors (5120K)
 Metaspace       used 67170K, capacity 68954K, committed 69196K, reserved 1110016K
  class space    used 8607K, capacity 9224K, committed 9344K, reserved 1048576K
}
Event: 14.737 GC heap before
{Heap before GC invocations=51 (full 0):
 garbage-first heap   total 169984K, used 124794K [0x0000000080000000, 0x0000000100000000)
  region size 1024K, 49 young (50176K), 5 survivors (5120K)
 Metaspace       used 71598K, capacity 73423K, committed 73676K, reserved 1114112K
  class space    used 9307K, capacity 9962K, committed 9984K, reserved 1048576K
}
Event: 14.746 GC heap after
{Heap after GC invocations=52 (full 0):
 garbage-first heap   total 218112K, used 82131K [0x0000000080000000, 0x0000000100000000)
  region size 1024K, 3 young (3072K), 3 survivors (3072K)
 Metaspace       used 71598K, capacity 73423K, committed 73676K, reserved 1114112K
  class space    used 9307K, capacity 9962K, committed 9984K, reserved 1048576K
}
Event: 15.558 GC heap before
{Heap before GC invocations=52 (full 0):
 garbage-first heap   total 218112K, used 141523K [0x0000000080000000, 0x0000000100000000)
  region size 1024K, 61 young (62464K), 3 survivors (3072K)
 Metaspace       used 75351K, capacity 77421K, committed 77644K, reserved 1116160K
  class space    used 9815K, capacity 10536K, committed 10624K, reserved 1048576K
}
Event: 15.564 GC heap after
{Heap after GC invocations=53 (full 0):
 garbage-first heap   total 218112K, used 85617K [0x0000000080000000, 0x0000000100000000)
  region size 1024K, 6 young (6144K), 6 survivors (6144K)
 Metaspace       used 75351K, capacity 77421K, committed 77644K, reserved 1116160K
  class space    used 9815K, capacity 10536K, committed 10624K, reserved 1048576K
}
Event: 16.286 GC heap before
{Heap before GC invocations=53 (full 0):
 garbage-first heap   total 218112K, used 157297K [0x0000000080000000, 0x0000000100000000)
  region size 1024K, 77 young (78848K), 6 survivors (6144K)
 Metaspace       used 83544K, capacity 85618K, committed 85676K, reserved 1124352K
  class space    used 10806K, capacity 11509K, committed 11520K, reserved 1048576K
}
Event: 16.297 GC heap after
{Heap after GC invocations=54 (full 0):
 garbage-first heap   total 218112K, used 89972K [0x0000000080000000, 0x0000000100000000)
  region size 1024K, 8 young (8192K), 8 survivors (8192K)
 Metaspace       used 83544K, capacity 85618K, committed 85676K, reserved 1124352K
  class space    used 10806K, capacity 11509K, committed 11520K, reserved 1048576K
}
Event: 17.173 GC heap before
{Heap before GC invocations=55 (full 0):
 garbage-first heap   total 218112K, used 164724K [0x0000000080000000, 0x0000000100000000)
  region size 1024K, 81 young (82944K), 8 survivors (8192K)
 Metaspace       used 89791K, capacity 92398K, committed 92536K, reserved 1128448K
  class space    used 11690K, capacity 12651K, committed 12748K, reserved 1048576K
}
Event: 17.192 GC heap after
{Heap after GC invocations=56 (full 0):
 garbage-first heap   total 218112K, used 96301K [0x0000000080000000, 0x0000000100000000)
  region size 1024K, 11 young (11264K), 11 survivors (11264K)
 Metaspace       used 89791K, capacity 92398K, committed 92536K, reserved 1128448K
  class space    used 11690K, capacity 12651K, committed 12748K, reserved 1048576K
}
Event: 18.526 GC heap before
{Heap before GC invocations=57 (full 0):
 garbage-first heap   total 218112K, used 169005K [0x0000000080000000, 0x0000000100000000)
  region size 1024K, 83 young (84992K), 11 survivors (11264K)
 Metaspace       used 94723K, capacity 97378K, committed 97656K, reserved 1134592K
  class space    used 12283K, capacity 13229K, committed 13260K, reserved 1048576K
}
Event: 18.544 GC heap after
{Heap after GC invocations=58 (full 0):
 garbage-first heap   total 218112K, used 101449K [0x0000000080000000, 0x0000000100000000)
  region size 1024K, 6 young (6144K), 6 survivors (6144K)
 Metaspace       used 94723K, capacity 97378K, committed 97656K, reserved 1134592K
  class space    used 12283K, capacity 13229K, committed 13260K, reserved 1048576K
}
Event: 19.230 GC heap before
{Heap before GC invocations=58 (full 0):
 garbage-first heap   total 218112K, used 174153K [0x0000000080000000, 0x0000000100000000)
  region size 1024K, 78 young (79872K), 6 survivors (6144K)
 Metaspace       used 95610K, capacity 98206K, committed 98296K, reserved 1134592K
  class space    used 12355K, capacity 13322K, committed 13388K, reserved 1048576K
}
Event: 19.236 GC heap after
{Heap after GC invocations=59 (full 0):
 garbage-first heap   total 218112K, used 102244K [0x0000000080000000, 0x0000000100000000)
  region size 1024K, 6 young (6144K), 6 survivors (6144K)
 Metaspace       used 95610K, capacity 98206K, committed 98296K, reserved 1134592K
  class space    used 12355K, capacity 13322K, committed 13388K, reserved 1048576K
}
Event: 602.903 GC heap before
{Heap before GC invocations=59 (full 0):
 garbage-first heap   total 218112K, used 178020K [0x0000000080000000, 0x0000000100000000)
  region size 1024K, 80 young (81920K), 6 survivors (6144K)
 Metaspace       used 101234K, capacity 104211K, committed 104312K, reserved 1138688K
  class space    used 13079K, capacity 14186K, committed 14284K, reserved 1048576K
}
Event: 603.543 GC heap after
{Heap after GC invocations=60 (full 0):
 garbage-first heap   total 218112K, used 105377K [0x0000000080000000, 0x0000000100000000)
  region size 1024K, 6 young (6144K), 6 survivors (6144K)
 Metaspace       used 101234K, capacity 104211K, committed 104312K, reserved 1138688K
  class space    used 13079K, capacity 14186K, committed 14284K, reserved 1048576K
}
Event: 732.217 GC heap before
{Heap before GC invocations=60 (full 0):
 garbage-first heap   total 218112K, used 109473K [0x0000000080000000, 0x0000000100000000)
  region size 1024K, 10 young (10240K), 6 survivors (6144K)
 Metaspace       used 101317K, capacity 104298K, committed 104568K, reserved 1140736K
  class space    used 13084K, capacity 14190K, committed 14284K, reserved 1048576K
}
Event: 732.533 GC heap after
{Heap after GC invocations=61 (full 0):
 garbage-first heap   total 218112K, used 106141K [0x0000000080000000, 0x0000000100000000)
  region size 1024K, 2 young (2048K), 2 survivors (2048K)
 Metaspace       used 101317K, capacity 104298K, committed 104568K, reserved 1140736K
  class space    used 13084K, capacity 14190K, committed 14284K, reserved 1048576K
}

